  main.cpp
c:\users\handerson\documents\visual studio 2010\projects\sfmlnetwork\sfmlnetwork\server.h(45): warning C4244: 'return' : conversion from 'time_t' to 'long', possible loss of data
c:\users\handerson\documents\visual studio 2010\projects\sfmlnetwork\sfmlnetwork\main.cpp(37): warning C4244: 'argument' : conversion from 'const int' to 'float', possible loss of data
c:\users\handerson\documents\visual studio 2010\projects\sfmlnetwork\sfmlnetwork\main.cpp(37): warning C4244: 'argument' : conversion from 'const int' to 'float', possible loss of data
c:\users\handerson\documents\visual studio 2010\projects\sfmlnetwork\sfmlnetwork\main.cpp(38): warning C4244: 'argument' : conversion from 'const int' to 'float', possible loss of data
c:\users\handerson\documents\visual studio 2010\projects\sfmlnetwork\sfmlnetwork\main.cpp(38): warning C4244: 'argument' : conversion from 'const int' to 'float', possible loss of data
c:\users\handerson\documents\visual studio 2010\projects\sfmlnetwork\sfmlnetwork\main.cpp(39): warning C4244: 'argument' : conversion from 'const int' to 'float', possible loss of data
c:\users\handerson\documents\visual studio 2010\projects\sfmlnetwork\sfmlnetwork\main.cpp(39): warning C4244: 'argument' : conversion from 'const int' to 'float', possible loss of data
c:\users\handerson\documents\visual studio 2010\projects\sfmlnetwork\sfmlnetwork\main.cpp(154): warning C4244: 'argument' : conversion from 'const int' to 'float', possible loss of data
c:\users\handerson\documents\visual studio 2010\projects\sfmlnetwork\sfmlnetwork\main.cpp(154): warning C4244: 'argument' : conversion from 'const int' to 'float', possible loss of data
c:\users\handerson\documents\visual studio 2010\projects\sfmlnetwork\sfmlnetwork\main.cpp(175): warning C4244: 'argument' : conversion from 'const int' to 'float', possible loss of data
c:\users\handerson\documents\visual studio 2010\projects\sfmlnetwork\sfmlnetwork\main.cpp(175): warning C4244: 'argument' : conversion from 'const int' to 'float', possible loss of data
c:\users\handerson\documents\visual studio 2010\projects\sfmlnetwork\sfmlnetwork\main.cpp(248): warning C4244: '=' : conversion from 'time_t' to 'int', possible loss of data
c:\users\handerson\documents\visual studio 2010\projects\sfmlnetwork\sfmlnetwork\main.cpp(254): warning C4244: '=' : conversion from 'time_t' to 'int', possible loss of data
c:\users\handerson\documents\visual studio 2010\projects\sfmlnetwork\sfmlnetwork\main.cpp(304): warning C4244: 'argument' : conversion from 'const int' to 'float', possible loss of data
c:\users\handerson\documents\visual studio 2010\projects\sfmlnetwork\sfmlnetwork\main.cpp(304): warning C4244: 'argument' : conversion from 'const int' to 'float', possible loss of data
c:\users\handerson\documents\visual studio 2010\projects\sfmlnetwork\sfmlnetwork\main.cpp(316): warning C4244: 'argument' : conversion from 'const int' to 'float', possible loss of data
c:\users\handerson\documents\visual studio 2010\projects\sfmlnetwork\sfmlnetwork\main.cpp(316): warning C4244: 'argument' : conversion from 'const int' to 'float', possible loss of data
  LINK : C:\Users\Handerson\Documents\Visual Studio 2010\Projects\SFMLNetwork\SFMLNetwork\Debug\SFMLServer.exe not found or not built by the last incremental link; performing full link
  SFMLNetwork.vcxproj -> C:\Users\Handerson\Documents\Visual Studio 2010\Projects\SFMLNetwork\SFMLNetwork\Debug\SFMLServer.exe
