Build started 3/8/2014 6:20:23 PM.
     1>Project "D:\Pong\pong167\SFMLSetUp\SFMLSetUp\SFMLSetUp.vcxproj" on node 2 (build target(s)).
     1>InitializeBuildStatus:
         Creating "Debug\SFMLSetUp.unsuccessfulbuild" because "AlwaysCreate" was specified.
       ClCompile:
         C:\Program Files (x86)\Microsoft Visual Studio 10.0\VC\bin\CL.exe /c /I"D:\SFML-2.1\include" /ZI /nologo /W3 /WX- /Od /Oy- /D SFML_STATIC /D WIN32 /D _DEBUG /D _CONSOLE /D _UNICODE /D UNICODE /Gm /EHsc /RTC1 /MDd /GS /fp:precise /Zc:wchar_t /Zc:forScope /Fo"Debug\\" /Fd"Debug\vc100.pdb" /Gd /TP /analyze- /errorReport:prompt Engine.cpp
     1>cl : Command line warning D9028: minimal rebuild failure, reverting to normal build
         Engine.cpp
     1>d:\pong\pong167\sfmlsetup\sfmlsetup\engine.cpp(18): warning C4244: 'argument' : conversion from 'const int' to 'float', possible loss of data
     1>d:\pong\pong167\sfmlsetup\sfmlsetup\engine.cpp(18): warning C4244: 'argument' : conversion from 'const int' to 'float', possible loss of data
       ManifestResourceCompile:
         All outputs are up-to-date.
       Link:
         C:\Program Files (x86)\Microsoft Visual Studio 10.0\VC\bin\link.exe /ERRORREPORT:PROMPT /OUT:"D:\Pong\pong167\SFMLSetUp\Debug\SFMLSetUp.exe" /INCREMENTAL /NOLOGO /LIBPATH:"D:\SFML-2.1\lib" "sfml-graphics-s-d.lib" "sfml-window-s-d.lib" "sfml-system-s-d.lib" "sfml-network-s-d.lib" kernel32.lib user32.lib gdi32.lib winspool.lib comdlg32.lib advapi32.lib shell32.lib ole32.lib oleaut32.lib uuid.lib odbc32.lib odbccp32.lib /MANIFEST /ManifestFile:"Debug\SFMLSetUp.exe.intermediate.manifest" /MANIFESTUAC:"level='asInvoker' uiAccess='false'" /DEBUG /PDB:"D:\Pong\pong167\SFMLSetUp\Debug\SFMLSetUp.pdb" /SUBSYSTEM:CONSOLE /TLBID:1 /DYNAMICBASE /NXCOMPAT /IMPLIB:"D:\Pong\pong167\SFMLSetUp\Debug\SFMLSetUp.lib" /MACHINE:X86 Debug\SFMLSetUp.exe.embed.manifest.res
         Debug\Ball.obj
         Debug\Client.obj
         Debug\Engine.obj
         Debug\Globals.obj
         Debug\main.obj
         Debug\Paddle.obj
         Debug\Player.obj
         Debug\Score.obj
       Manifest:
         C:\Program Files (x86)\Microsoft SDKs\Windows\v7.0A\bin\mt.exe /nologo /verbose /out:"Debug\SFMLSetUp.exe.embed.manifest" /manifest Debug\SFMLSetUp.exe.intermediate.manifest
         All outputs are up-to-date.
       LinkEmbedManifest:
         All outputs are up-to-date.
         SFMLSetUp.vcxproj -> D:\Pong\pong167\SFMLSetUp\Debug\SFMLSetUp.exe
       FinalizeBuildStatus:
         Deleting file "Debug\SFMLSetUp.unsuccessfulbuild".
         Touching "Debug\SFMLSetUp.lastbuildstate".
     1>Done Building Project "D:\Pong\pong167\SFMLSetUp\SFMLSetUp\SFMLSetUp.vcxproj" (build target(s)).

Build succeeded.

Time Elapsed 00:00:01.06
