D:\Pong\pong167\SFMLSetUp\Debug\SFMLSetUp.pdb
D:\PONG\PONG167\SFMLSETUP\SFMLSETUP\DEBUG\BALL.OBJ
D:\Pong\pong167\SFMLSetUp\SFMLSetUp\Debug\cl.command.1.tlog
D:\Pong\pong167\SFMLSetUp\SFMLSetUp\Debug\CL.read.1.tlog
D:\Pong\pong167\SFMLSetUp\SFMLSetUp\Debug\CL.write.1.tlog
D:\PONG\PONG167\SFMLSETUP\SFMLSETUP\DEBUG\CLIENT.OBJ
D:\PONG\PONG167\SFMLSETUP\SFMLSETUP\DEBUG\ENGINE.OBJ
D:\PONG\PONG167\SFMLSETUP\SFMLSETUP\DEBUG\GLOBALS.OBJ
D:\Pong\pong167\SFMLSetUp\SFMLSetUp\Debug\link.1392.read.1.tlog
D:\Pong\pong167\SFMLSetUp\SFMLSetUp\Debug\link.1392.write.1.tlog
D:\Pong\pong167\SFMLSetUp\SFMLSetUp\Debug\link.1392-cvtres.read.1.tlog
D:\Pong\pong167\SFMLSetUp\SFMLSetUp\Debug\link.1392-cvtres.write.1.tlog
D:\Pong\pong167\SFMLSetUp\SFMLSetUp\Debug\link.command.1.tlog
D:\Pong\pong167\SFMLSetUp\SFMLSetUp\Debug\link.read.1.tlog
D:\Pong\pong167\SFMLSetUp\SFMLSetUp\Debug\link.read.2.tlog
D:\Pong\pong167\SFMLSetUp\SFMLSetUp\Debug\link.write.1.tlog
D:\Pong\pong167\SFMLSetUp\SFMLSetUp\Debug\link-cvtres.read.1.tlog
D:\Pong\pong167\SFMLSetUp\SFMLSetUp\Debug\link-cvtres.write.1.tlog
D:\PONG\PONG167\SFMLSETUP\SFMLSETUP\DEBUG\MAIN.OBJ
D:\Pong\pong167\SFMLSetUp\SFMLSetUp\Debug\mt.command.1.tlog
D:\Pong\pong167\SFMLSetUp\SFMLSetUp\Debug\mt.read.1.tlog
D:\Pong\pong167\SFMLSetUp\SFMLSetUp\Debug\mt.write.1.tlog
D:\PONG\PONG167\SFMLSETUP\SFMLSETUP\DEBUG\PADDLE.OBJ
D:\PONG\PONG167\SFMLSETUP\SFMLSETUP\DEBUG\PLAYER.OBJ
D:\Pong\pong167\SFMLSetUp\SFMLSetUp\Debug\rc.command.1.tlog
D:\Pong\pong167\SFMLSetUp\SFMLSetUp\Debug\rc.read.1.tlog
D:\Pong\pong167\SFMLSetUp\SFMLSetUp\Debug\rc.write.1.tlog
D:\PONG\PONG167\SFMLSETUP\SFMLSETUP\DEBUG\SCORE.OBJ
D:\PONG\PONG167\SFMLSETUP\SFMLSETUP\DEBUG\SFMLSETUP.EXE.EMBED.MANIFEST
D:\PONG\PONG167\SFMLSETUP\SFMLSETUP\DEBUG\SFMLSETUP.EXE.EMBED.MANIFEST.RES
D:\Pong\pong167\SFMLSetUp\SFMLSetUp\Debug\SFMLSetUp.exe.intermediate.manifest
D:\Pong\pong167\SFMLSetUp\SFMLSetUp\Debug\SFMLSetUp.write.1.tlog
D:\Pong\pong167\SFMLSetUp\SFMLSetUp\Debug\SFMLSetUp_manifest.rc
D:\Pong\pong167\SFMLSetUp\SFMLSetUp\Debug\vc100.idb
D:\PONG\PONG167\SFMLSETUP\SFMLSETUP\DEBUG\VC100.PDB
